<?xml version="1.0" encoding="UTF-8"?>
<!-- Generated by org.testng.reporters.JUnitReportReporter -->
<testsuite hostname="DESKTOP-82DI2KI" failures="0" tests="1" name="testCase.CompleteForm" time="14.556" errors="0" timestamp="2024-03-26T03:44:46 IST" skipped="0">
  <testcase classname="testCase.CompleteForm" name="FormTest" time="14.556"/>
</testsuite> <!-- testCase.CompleteForm -->
