<?xml version="1.0" encoding="UTF-8"?>
<!-- Generated by org.testng.reporters.JUnitReportReporter -->
<testsuite hostname="DESKTOP-82DI2KI" failures="0" tests="1" name="testCase.KeyAndMouse" time="8.101" errors="0" timestamp="2024-03-26T03:44:46 IST" skipped="0">
  <testcase classname="testCase.KeyAndMouse" name="KeyMouse" time="8.101"/>
</testsuite> <!-- testCase.KeyAndMouse -->
