<?xml version="1.0" encoding="UTF-8"?>
<!-- Generated by org.testng.reporters.JUnitReportReporter -->
<testsuite hostname="DESKTOP-82DI2KI" failures="0" tests="1" name="testCase.SwitchWindow" time="17.088" errors="0" timestamp="2024-03-26T03:44:46 IST" skipped="0">
  <testcase classname="testCase.SwitchWindow" name="WindowTest" time="17.088"/>
</testsuite> <!-- testCase.SwitchWindow -->
