<?xml version="1.0" encoding="UTF-8"?>
<!-- Generated by org.testng.reporters.JUnitReportReporter -->
<testsuite hostname="DESKTOP-82DI2KI" failures="0" tests="1" name="testCase.FileUpload" time="17.289" errors="0" timestamp="2024-03-26T01:32:05 IST" skipped="0">
  <testcase classname="testCase.FileUpload" name="Upload" time="17.289"/>
</testsuite> <!-- testCase.FileUpload -->
